<?xml version="1.0" encoding="UTF-8"?>
<!-- Generated by org.testng.reporters.JUnitXMLReporter -->
<testsuite hostname="DESKTOP-JL75APN" ignored="0" name="Default test" tests="10" failures="0" timestamp="26 Jun 2020 16:55:39 GMT" time="188.55" errors="0">
  <testcase name="ReactToDoMvc" time="0.933" classname="testToDo.HomePageTest"/>
  <testcase name="addCharToDos" time="3.345" classname="testToDo.HomePageTest"/>
  <testcase name="editingToDo" time="8.597" classname="testToDo.HomePageTest"/>
  <testcase name="comboOfIntCharSpecCharToDo" time="8.366" classname="testToDo.HomePageTest"/>
  <testcase name="toDoWithSpaceBar" time="8.242" classname="testToDo.HomePageTest"/>
  <testcase name="DuplicateToDos" time="13.544" classname="testToDo.HomePageTest"/>
  <testcase name="InfiniteCharToDo" time="24.887" classname="testToDo.HomePageTest"/>
  <testcase name="deletionOfToDos" time="4.167" classname="testToDo.HomePageTest"/>
  <testcase name="DownWardArrowWithCompletedTab" time="3.669" classname="testToDo.HomePageTest"/>
  <testcase name="downWardArrowWithActiveTab" time="3.677" classname="testToDo.HomePageTest"/>
</testsuite> <!-- Default test -->
