<?xml version="1.0" encoding="UTF-8"?>
<!-- Generated by org.testng.reporters.JUnitXMLReporter -->
<testsuite hostname="DESKTOP-JL75APN" ignored="0" name="Test" tests="15" failures="0" timestamp="02 Jul 2020 15:23:32 GMT" time="323.604" errors="0">
  <testcase name="ReactToDoMvc" time="1.767" classname="testToDo.HomePageTest"/>
  <testcase name="addCharToDos" time="4.723" classname="testToDo.HomePageTest"/>
  <testcase name="editingToDo" time="9.054" classname="testToDo.HomePageTest"/>
  <testcase name="comboOfIntCharSpecCharToDo" time="11.074" classname="testToDo.HomePageTest"/>
  <testcase name="toDoWithSpaceBar" time="9.104" classname="testToDo.HomePageTest"/>
  <testcase name="DuplicateToDos" time="13.988" classname="testToDo.HomePageTest"/>
  <testcase name="InfiniteCharToDo" time="25.363" classname="testToDo.HomePageTest"/>
  <testcase name="deletionOfToDos" time="4.588" classname="testToDo.HomePageTest"/>
  <testcase name="DownWardArrowWithCompletedTab" time="4.869" classname="testToDo.HomePageTest"/>
  <testcase name="downWardArrowWithActiveTab" time="4.044" classname="testToDo.HomePageTest"/>
  <testcase name="clearCompletedTab" time="9.077" classname="testToDo.TabsOnHomePageTest"/>
  <testcase name="AllTab" time="10.421" classname="testToDo.TabsOnHomePageTest"/>
  <testcase name="ActiveTab" time="7.097" classname="testToDo.TabsOnHomePageTest"/>
  <testcase name="CompletedTab" time="5.908" classname="testToDo.TabsOnHomePageTest"/>
  <testcase name="LinkOnHomePage" time="7.767" classname="testToDo.LinksOnHomePageTest"/>
</testsuite> <!-- Test -->
